app/build/intermediates/manifest_merge_blame_file/release/manifest-merger-blame-release-report.txt
1<?xml version="1.0" encoding="utf-8"?>
2<manifest xmlns:android="http://schemas.android.com/apk/res/android"
3    package="com.ms.dob.textonphoto"
4    android:versionCode="5"
5    android:versionName="1.5" >
6
7    <uses-sdk
8        android:minSdkVersion="18"
8-->src\main\AndroidManifest.xml
9        android:targetSdkVersion="31" />
9-->src\main\AndroidManifest.xml
10
11    <uses-permission android:name="android.permission.WRITE_INTERNAL_STORAGE" />
11-->src\main\AndroidManifest.xml:5:5-81
11-->src\main\AndroidManifest.xml:5:22-78
12    <uses-permission android:name="android.permission.WRITE_EXTERNAL_STORAGE" />
12-->src\main\AndroidManifest.xml:6:5-81
12-->src\main\AndroidManifest.xml:6:22-78
13    <uses-permission android:name="android.permission.READ_EXTERNAL_STORAGE" />
13-->src\main\AndroidManifest.xml:7:5-80
13-->src\main\AndroidManifest.xml:7:22-77
14    <uses-permission android:name="android.permission.INTERNET" />
14-->src\main\AndroidManifest.xml:8:5-67
14-->src\main\AndroidManifest.xml:8:22-64
15    <uses-permission android:name="android.permission.ACCESS_WIFI_STATE" />
15-->src\main\AndroidManifest.xml:9:5-76
15-->src\main\AndroidManifest.xml:9:22-73
16    <uses-permission android:name="android.permission.ACCESS_NETWORK_STATE" />
16-->src\main\AndroidManifest.xml:10:5-79
16-->src\main\AndroidManifest.xml:10:22-76
17    <uses-permission android:name="com.google.android.finsky.permission.BIND_GET_INSFTALL_REFERRER_SERVICE" />
17-->src\main\AndroidManifest.xml:11:5-111
17-->src\main\AndroidManifest.xml:11:22-108
18    <uses-permission android:name="android.permission.WAKE_LOCK" />
18-->src\main\AndroidManifest.xml:12:5-68
18-->src\main\AndroidManifest.xml:12:22-65
19    <uses-permission android:name="com.google.android.c2dm.permission.RECEIVE" />
19-->src\main\AndroidManifest.xml:13:5-82
19-->src\main\AndroidManifest.xml:13:22-79
20    <uses-permission android:name="com.google.android.gms.permission.AD_ID" /> <!-- Android package visibility setting -->
20-->[com.google.android.gms:play-services-ads-lite:20.6.0] AndroidManifest.xml:25:5-79
20-->[com.google.android.gms:play-services-ads-lite:20.6.0] AndroidManifest.xml:25:22-76
21    <queries>
21-->[com.google.android.gms:play-services-ads-lite:20.6.0] AndroidManifest.xml:28:5-44:15
22
23        <!-- For browser content -->
24        <intent>
24-->[com.google.android.gms:play-services-ads-lite:20.6.0] AndroidManifest.xml:31:9-37:18
25            <action android:name="android.intent.action.VIEW" />
25-->[com.google.android.gms:play-services-ads-lite:20.6.0] AndroidManifest.xml:32:13-65
25-->[com.google.android.gms:play-services-ads-lite:20.6.0] AndroidManifest.xml:32:21-62
26
27            <category android:name="android.intent.category.BROWSABLE" />
27-->[com.google.android.gms:play-services-ads-lite:20.6.0] AndroidManifest.xml:34:13-74
27-->[com.google.android.gms:play-services-ads-lite:20.6.0] AndroidManifest.xml:34:23-71
28
29            <data android:scheme="https" />
29-->[com.google.android.gms:play-services-ads-lite:20.6.0] AndroidManifest.xml:36:13-44
29-->[com.google.android.gms:play-services-ads-lite:20.6.0] AndroidManifest.xml:36:19-41
30        </intent>
31        <!-- End of browser content -->
32        <!-- For CustomTabsService -->
33        <intent>
33-->[com.google.android.gms:play-services-ads-lite:20.6.0] AndroidManifest.xml:40:9-42:18
34            <action android:name="android.support.customtabs.action.CustomTabsService" />
34-->[com.google.android.gms:play-services-ads-lite:20.6.0] AndroidManifest.xml:41:13-90
34-->[com.google.android.gms:play-services-ads-lite:20.6.0] AndroidManifest.xml:41:21-87
35        </intent>
36        <!-- End of CustomTabsService -->
37    </queries>
38
39    <uses-permission android:name="android.permission.RECEIVE_BOOT_COMPLETED" />
39-->[androidx.work:work-runtime:2.7.0] AndroidManifest.xml:27:5-81
39-->[androidx.work:work-runtime:2.7.0] AndroidManifest.xml:27:22-78
40    <uses-permission android:name="android.permission.FOREGROUND_SERVICE" />
40-->[androidx.work:work-runtime:2.7.0] AndroidManifest.xml:28:5-77
40-->[androidx.work:work-runtime:2.7.0] AndroidManifest.xml:28:22-74
41
42    <application
42-->src\main\AndroidManifest.xml:15:5-84:19
43        android:name="com.ms.dob.textonphoto.MyApplication"
43-->src\main\AndroidManifest.xml:16:9-60
44        android:allowBackup="true"
44-->src\main\AndroidManifest.xml:17:9-35
45        android:appComponentFactory="androidx.core.app.CoreComponentFactory"
45-->[androidx.core:core:1.6.0] AndroidManifest.xml:24:18-86
46        android:icon="@mipmap/ic_launcher"
46-->src\main\AndroidManifest.xml:18:9-43
47        android:label="@string/app_name"
47-->src\main\AndroidManifest.xml:19:9-41
48        android:largeHeap="true"
48-->src\main\AndroidManifest.xml:21:9-33
49        android:requestLegacyExternalStorage="true"
49-->src\main\AndroidManifest.xml:20:9-52
50        android:supportsRtl="true"
50-->src\main\AndroidManifest.xml:22:9-35
51        android:theme="@style/AppTheme" >
51-->src\main\AndroidManifest.xml:23:9-40
52        <activity
52-->src\main\AndroidManifest.xml:24:9-34:20
53            android:name="com.ms.dob.textonphoto.activity.SplashActivity"
53-->src\main\AndroidManifest.xml:25:13-74
54            android:exported="true"
54-->src\main\AndroidManifest.xml:28:13-36
55            android:label="@string/app_name"
55-->src\main\AndroidManifest.xml:26:13-45
56            android:screenOrientation="portrait"
56-->src\main\AndroidManifest.xml:27:13-49
57            android:theme="@style/SplashTheme" >
57-->src\main\AndroidManifest.xml:29:13-47
58            <intent-filter>
58-->src\main\AndroidManifest.xml:30:13-33:29
59                <action android:name="android.intent.action.MAIN" />
59-->src\main\AndroidManifest.xml:31:17-69
59-->src\main\AndroidManifest.xml:31:25-66
60
61                <category android:name="android.intent.category.LAUNCHER" />
61-->src\main\AndroidManifest.xml:32:17-77
61-->src\main\AndroidManifest.xml:32:27-74
62            </intent-filter>
63        </activity>
64        <activity
64-->src\main\AndroidManifest.xml:35:9-39:59
65            android:name="com.ms.dob.textonphoto.activity.QuoteCategoryListActivity"
65-->src\main\AndroidManifest.xml:36:13-85
66            android:label="@string/app_name"
66-->src\main\AndroidManifest.xml:37:13-45
67            android:screenOrientation="portrait"
67-->src\main\AndroidManifest.xml:38:13-49
68            android:theme="@style/AppTheme.NoActionBar" />
68-->src\main\AndroidManifest.xml:39:13-56
69        <activity
69-->src\main\AndroidManifest.xml:40:9-44:59
70            android:name="com.ms.dob.textonphoto.activity.CategoryListActivity"
70-->src\main\AndroidManifest.xml:41:13-80
71            android:label="@string/app_name"
71-->src\main\AndroidManifest.xml:42:13-45
72            android:screenOrientation="portrait"
72-->src\main\AndroidManifest.xml:43:13-49
73            android:theme="@style/AppTheme.NoActionBar" />
73-->src\main\AndroidManifest.xml:44:13-56
74        <activity
74-->src\main\AndroidManifest.xml:45:9-48:59
75            android:name="com.ms.dob.textonphoto.activity.QuoteEditActivity"
75-->src\main\AndroidManifest.xml:46:13-77
76            android:screenOrientation="portrait"
76-->src\main\AndroidManifest.xml:47:13-49
77            android:theme="@style/AppTheme.NoActionBar" />
77-->src\main\AndroidManifest.xml:48:13-56
78        <activity
78-->src\main\AndroidManifest.xml:49:9-52:59
79            android:name="com.ms.dob.textonphoto.activity.MyCreationActivity"
79-->src\main\AndroidManifest.xml:50:13-78
80            android:screenOrientation="portrait"
80-->src\main\AndroidManifest.xml:51:13-49
81            android:theme="@style/AppTheme.NoActionBar" />
81-->src\main\AndroidManifest.xml:52:13-56
82        <activity
82-->src\main\AndroidManifest.xml:54:9-57:59
83            android:name="com.ms.dob.textonphoto.activity.ShareActivity"
83-->src\main\AndroidManifest.xml:55:13-73
84            android:screenOrientation="portrait"
84-->src\main\AndroidManifest.xml:56:13-49
85            android:theme="@style/AppTheme.NoActionBar" />
85-->src\main\AndroidManifest.xml:57:13-56
86        <activity
86-->src\main\AndroidManifest.xml:59:9-62:47
87            android:name="com.ms.dob.textonphoto.activity.QuotesListActivity"
87-->src\main\AndroidManifest.xml:60:13-78
88            android:screenOrientation="portrait"
88-->src\main\AndroidManifest.xml:61:13-49
89            android:theme="@style/AppTheme" />
89-->src\main\AndroidManifest.xml:62:13-44
90        <activity
90-->src\main\AndroidManifest.xml:63:9-66:47
91            android:name="com.ms.dob.textonphoto.activity.EditPhotoActivity"
91-->src\main\AndroidManifest.xml:64:13-77
92            android:screenOrientation="portrait"
92-->src\main\AndroidManifest.xml:65:13-49
93            android:theme="@style/AppTheme" />
93-->src\main\AndroidManifest.xml:66:13-44
94        <activity
94-->src\main\AndroidManifest.xml:68:9-71:47
95            android:name="com.ms.dob.textonphoto.activity.MainActivity"
95-->src\main\AndroidManifest.xml:69:13-72
96            android:screenOrientation="portrait"
96-->src\main\AndroidManifest.xml:70:13-49
97            android:theme="@style/AppTheme" />
97-->src\main\AndroidManifest.xml:71:13-44
98        <activity
98-->src\main\AndroidManifest.xml:72:9-75:47
99            android:name="com.ms.dob.textonphoto.activity.SelectBackGroundActivity"
99-->src\main\AndroidManifest.xml:73:13-84
100            android:screenOrientation="portrait"
100-->src\main\AndroidManifest.xml:74:13-49
101            android:theme="@style/AppTheme" />
101-->src\main\AndroidManifest.xml:75:13-44
102        <activity
102-->src\main\AndroidManifest.xml:77:9-80:59
103            android:name="com.theartofdev.edmodo.cropper.CropImageActivity"
103-->src\main\AndroidManifest.xml:78:13-76
104            android:screenOrientation="portrait"
104-->src\main\AndroidManifest.xml:79:13-49
105            android:theme="@style/Base.Theme.AppCompat" />
105-->src\main\AndroidManifest.xml:80:13-56
106
107        <meta-data
107-->src\main\AndroidManifest.xml:81:9-83:51
108            android:name="com.google.android.gms.ads.APPLICATION_ID"
108-->src\main\AndroidManifest.xml:82:13-69
109            android:value="@string/admob_app_id" />
109-->src\main\AndroidManifest.xml:83:13-49
110
111        <provider
111-->[androidx.lifecycle:lifecycle-process:2.3.1] AndroidManifest.xml:25:9-29:43
112            android:name="androidx.lifecycle.ProcessLifecycleOwnerInitializer"
112-->[androidx.lifecycle:lifecycle-process:2.3.1] AndroidManifest.xml:26:13-79
113            android:authorities="com.ms.dob.textonphoto.lifecycle-process"
113-->[androidx.lifecycle:lifecycle-process:2.3.1] AndroidManifest.xml:27:13-69
114            android:exported="false"
114-->[androidx.lifecycle:lifecycle-process:2.3.1] AndroidManifest.xml:28:13-37
115            android:multiprocess="true" /> <!-- Include the AdActivity and InAppPurchaseActivity configChanges and themes. -->
115-->[androidx.lifecycle:lifecycle-process:2.3.1] AndroidManifest.xml:29:13-40
116        <activity
116-->[com.google.android.gms:play-services-ads-lite:20.6.0] AndroidManifest.xml:49:9-53:64
117            android:name="com.google.android.gms.ads.AdActivity"
117-->[com.google.android.gms:play-services-ads-lite:20.6.0] AndroidManifest.xml:50:13-65
118            android:configChanges="keyboard|keyboardHidden|orientation|screenLayout|uiMode|screenSize|smallestScreenSize"
118-->[com.google.android.gms:play-services-ads-lite:20.6.0] AndroidManifest.xml:51:13-122
119            android:exported="false"
119-->[com.google.android.gms:play-services-ads-lite:20.6.0] AndroidManifest.xml:52:13-37
120            android:theme="@android:style/Theme.Translucent" />
120-->[com.google.android.gms:play-services-ads-lite:20.6.0] AndroidManifest.xml:53:13-61
121
122        <provider
122-->[com.google.android.gms:play-services-ads-lite:20.6.0] AndroidManifest.xml:55:9-59:39
123            android:name="com.google.android.gms.ads.MobileAdsInitProvider"
123-->[com.google.android.gms:play-services-ads-lite:20.6.0] AndroidManifest.xml:56:13-76
124            android:authorities="com.ms.dob.textonphoto.mobileadsinitprovider"
124-->[com.google.android.gms:play-services-ads-lite:20.6.0] AndroidManifest.xml:57:13-73
125            android:exported="false"
125-->[com.google.android.gms:play-services-ads-lite:20.6.0] AndroidManifest.xml:58:13-37
126            android:initOrder="100" />
126-->[com.google.android.gms:play-services-ads-lite:20.6.0] AndroidManifest.xml:59:13-36
127
128        <service
128-->[com.google.android.gms:play-services-ads-lite:20.6.0] AndroidManifest.xml:61:9-64:40
129            android:name="com.google.android.gms.ads.AdService"
129-->[com.google.android.gms:play-services-ads-lite:20.6.0] AndroidManifest.xml:62:13-64
130            android:enabled="true"
130-->[com.google.android.gms:play-services-ads-lite:20.6.0] AndroidManifest.xml:63:13-35
131            android:exported="false" />
131-->[com.google.android.gms:play-services-ads-lite:20.6.0] AndroidManifest.xml:64:13-37
132
133        <activity
133-->[com.google.android.gms:play-services-base:17.6.0] AndroidManifest.xml:23:9-26:75
134            android:name="com.google.android.gms.common.api.GoogleApiActivity"
134-->[com.google.android.gms:play-services-base:17.6.0] AndroidManifest.xml:24:13-79
135            android:exported="false"
135-->[com.google.android.gms:play-services-base:17.6.0] AndroidManifest.xml:25:13-37
136            android:theme="@android:style/Theme.Translucent.NoTitleBar" />
136-->[com.google.android.gms:play-services-base:17.6.0] AndroidManifest.xml:26:13-72
137
138        <meta-data
138-->[com.google.android.gms:play-services-basement:17.6.0] AndroidManifest.xml:23:9-25:69
139            android:name="com.google.android.gms.version"
139-->[com.google.android.gms:play-services-basement:17.6.0] AndroidManifest.xml:24:13-58
140            android:value="@integer/google_play_services_version" />
140-->[com.google.android.gms:play-services-basement:17.6.0] AndroidManifest.xml:25:13-66
141
142        <provider
142-->[androidx.work:work-runtime:2.7.0] AndroidManifest.xml:31:9-39:20
143            android:name="androidx.startup.InitializationProvider"
143-->[androidx.work:work-runtime:2.7.0] AndroidManifest.xml:32:13-67
144            android:authorities="com.ms.dob.textonphoto.androidx-startup"
144-->[androidx.work:work-runtime:2.7.0] AndroidManifest.xml:33:13-68
145            android:exported="false" >
145-->[androidx.work:work-runtime:2.7.0] AndroidManifest.xml:34:13-37
146            <meta-data
146-->[androidx.work:work-runtime:2.7.0] AndroidManifest.xml:36:13-38:52
147                android:name="androidx.work.WorkManagerInitializer"
147-->[androidx.work:work-runtime:2.7.0] AndroidManifest.xml:37:17-68
148                android:value="androidx.startup" />
148-->[androidx.work:work-runtime:2.7.0] AndroidManifest.xml:38:17-49
149        </provider>
150
151        <service
151-->[androidx.work:work-runtime:2.7.0] AndroidManifest.xml:41:9-46:35
152            android:name="androidx.work.impl.background.systemalarm.SystemAlarmService"
152-->[androidx.work:work-runtime:2.7.0] AndroidManifest.xml:42:13-88
153            android:directBootAware="false"
153-->[androidx.work:work-runtime:2.7.0] AndroidManifest.xml:43:13-44
154            android:enabled="@bool/enable_system_alarm_service_default"
154-->[androidx.work:work-runtime:2.7.0] AndroidManifest.xml:44:13-72
155            android:exported="false" />
155-->[androidx.work:work-runtime:2.7.0] AndroidManifest.xml:45:13-37
156        <service
156-->[androidx.work:work-runtime:2.7.0] AndroidManifest.xml:47:9-53:35
157            android:name="androidx.work.impl.background.systemjob.SystemJobService"
157-->[androidx.work:work-runtime:2.7.0] AndroidManifest.xml:48:13-84
158            android:directBootAware="false"
158-->[androidx.work:work-runtime:2.7.0] AndroidManifest.xml:49:13-44
159            android:enabled="@bool/enable_system_job_service_default"
159-->[androidx.work:work-runtime:2.7.0] AndroidManifest.xml:50:13-70
160            android:exported="true"
160-->[androidx.work:work-runtime:2.7.0] AndroidManifest.xml:51:13-36
161            android:permission="android.permission.BIND_JOB_SERVICE" />
161-->[androidx.work:work-runtime:2.7.0] AndroidManifest.xml:52:13-69
162        <service
162-->[androidx.work:work-runtime:2.7.0] AndroidManifest.xml:54:9-59:35
163            android:name="androidx.work.impl.foreground.SystemForegroundService"
163-->[androidx.work:work-runtime:2.7.0] AndroidManifest.xml:55:13-81
164            android:directBootAware="false"
164-->[androidx.work:work-runtime:2.7.0] AndroidManifest.xml:56:13-44
165            android:enabled="@bool/enable_system_foreground_service_default"
165-->[androidx.work:work-runtime:2.7.0] AndroidManifest.xml:57:13-77
166            android:exported="false" />
166-->[androidx.work:work-runtime:2.7.0] AndroidManifest.xml:58:13-37
167
168        <receiver
168-->[androidx.work:work-runtime:2.7.0] AndroidManifest.xml:61:9-66:35
169            android:name="androidx.work.impl.utils.ForceStopRunnable$BroadcastReceiver"
169-->[androidx.work:work-runtime:2.7.0] AndroidManifest.xml:62:13-88
170            android:directBootAware="false"
170-->[androidx.work:work-runtime:2.7.0] AndroidManifest.xml:63:13-44
171            android:enabled="true"
171-->[androidx.work:work-runtime:2.7.0] AndroidManifest.xml:64:13-35
172            android:exported="false" />
172-->[androidx.work:work-runtime:2.7.0] AndroidManifest.xml:65:13-37
173        <receiver
173-->[androidx.work:work-runtime:2.7.0] AndroidManifest.xml:67:9-77:20
174            android:name="androidx.work.impl.background.systemalarm.ConstraintProxy$BatteryChargingProxy"
174-->[androidx.work:work-runtime:2.7.0] AndroidManifest.xml:68:13-106
175            android:directBootAware="false"
175-->[androidx.work:work-runtime:2.7.0] AndroidManifest.xml:69:13-44
176            android:enabled="false"
176-->[androidx.work:work-runtime:2.7.0] AndroidManifest.xml:70:13-36
177            android:exported="false" >
177-->[androidx.work:work-runtime:2.7.0] AndroidManifest.xml:71:13-37
178            <intent-filter>
178-->[androidx.work:work-runtime:2.7.0] AndroidManifest.xml:73:13-76:29
179                <action android:name="android.intent.action.ACTION_POWER_CONNECTED" />
179-->[androidx.work:work-runtime:2.7.0] AndroidManifest.xml:74:17-87
179-->[androidx.work:work-runtime:2.7.0] AndroidManifest.xml:74:25-84
180                <action android:name="android.intent.action.ACTION_POWER_DISCONNECTED" />
180-->[androidx.work:work-runtime:2.7.0] AndroidManifest.xml:75:17-90
180-->[androidx.work:work-runtime:2.7.0] AndroidManifest.xml:75:25-87
181            </intent-filter>
182        </receiver>
183        <receiver
183-->[androidx.work:work-runtime:2.7.0] AndroidManifest.xml:78:9-88:20
184            android:name="androidx.work.impl.background.systemalarm.ConstraintProxy$BatteryNotLowProxy"
184-->[androidx.work:work-runtime:2.7.0] AndroidManifest.xml:79:13-104
185            android:directBootAware="false"
185-->[androidx.work:work-runtime:2.7.0] AndroidManifest.xml:80:13-44
186            android:enabled="false"
186-->[androidx.work:work-runtime:2.7.0] AndroidManifest.xml:81:13-36
187            android:exported="false" >
187-->[androidx.work:work-runtime:2.7.0] AndroidManifest.xml:82:13-37
188            <intent-filter>
188-->[androidx.work:work-runtime:2.7.0] AndroidManifest.xml:84:13-87:29
189                <action android:name="android.intent.action.BATTERY_OKAY" />
189-->[androidx.work:work-runtime:2.7.0] AndroidManifest.xml:85:17-77
189-->[androidx.work:work-runtime:2.7.0] AndroidManifest.xml:85:25-74
190                <action android:name="android.intent.action.BATTERY_LOW" />
190-->[androidx.work:work-runtime:2.7.0] AndroidManifest.xml:86:17-76
190-->[androidx.work:work-runtime:2.7.0] AndroidManifest.xml:86:25-73
191            </intent-filter>
192        </receiver>
193        <receiver
193-->[androidx.work:work-runtime:2.7.0] AndroidManifest.xml:89:9-99:20
194            android:name="androidx.work.impl.background.systemalarm.ConstraintProxy$StorageNotLowProxy"
194-->[androidx.work:work-runtime:2.7.0] AndroidManifest.xml:90:13-104
195            android:directBootAware="false"
195-->[androidx.work:work-runtime:2.7.0] AndroidManifest.xml:91:13-44
196            android:enabled="false"
196-->[androidx.work:work-runtime:2.7.0] AndroidManifest.xml:92:13-36
197            android:exported="false" >
197-->[androidx.work:work-runtime:2.7.0] AndroidManifest.xml:93:13-37
198            <intent-filter>
198-->[androidx.work:work-runtime:2.7.0] AndroidManifest.xml:95:13-98:29
199                <action android:name="android.intent.action.DEVICE_STORAGE_LOW" />
199-->[androidx.work:work-runtime:2.7.0] AndroidManifest.xml:96:17-83
199-->[androidx.work:work-runtime:2.7.0] AndroidManifest.xml:96:25-80
200                <action android:name="android.intent.action.DEVICE_STORAGE_OK" />
200-->[androidx.work:work-runtime:2.7.0] AndroidManifest.xml:97:17-82
200-->[androidx.work:work-runtime:2.7.0] AndroidManifest.xml:97:25-79
201            </intent-filter>
202        </receiver>
203        <receiver
203-->[androidx.work:work-runtime:2.7.0] AndroidManifest.xml:100:9-109:20
204            android:name="androidx.work.impl.background.systemalarm.ConstraintProxy$NetworkStateProxy"
204-->[androidx.work:work-runtime:2.7.0] AndroidManifest.xml:101:13-103
205            android:directBootAware="false"
205-->[androidx.work:work-runtime:2.7.0] AndroidManifest.xml:102:13-44
206            android:enabled="false"
206-->[androidx.work:work-runtime:2.7.0] AndroidManifest.xml:103:13-36
207            android:exported="false" >
207-->[androidx.work:work-runtime:2.7.0] AndroidManifest.xml:104:13-37
208            <intent-filter>
208-->[androidx.work:work-runtime:2.7.0] AndroidManifest.xml:106:13-108:29
209                <action android:name="android.net.conn.CONNECTIVITY_CHANGE" />
209-->[androidx.work:work-runtime:2.7.0] AndroidManifest.xml:107:17-79
209-->[androidx.work:work-runtime:2.7.0] AndroidManifest.xml:107:25-76
210            </intent-filter>
211        </receiver>
212        <receiver
212-->[androidx.work:work-runtime:2.7.0] AndroidManifest.xml:110:9-121:20
213            android:name="androidx.work.impl.background.systemalarm.RescheduleReceiver"
213-->[androidx.work:work-runtime:2.7.0] AndroidManifest.xml:111:13-88
214            android:directBootAware="false"
214-->[androidx.work:work-runtime:2.7.0] AndroidManifest.xml:112:13-44
215            android:enabled="false"
215-->[androidx.work:work-runtime:2.7.0] AndroidManifest.xml:113:13-36
216            android:exported="false" >
216-->[androidx.work:work-runtime:2.7.0] AndroidManifest.xml:114:13-37
217            <intent-filter>
217-->[androidx.work:work-runtime:2.7.0] AndroidManifest.xml:116:13-120:29
218                <action android:name="android.intent.action.BOOT_COMPLETED" />
218-->[androidx.work:work-runtime:2.7.0] AndroidManifest.xml:117:17-79
218-->[androidx.work:work-runtime:2.7.0] AndroidManifest.xml:117:25-76
219                <action android:name="android.intent.action.TIME_SET" />
219-->[androidx.work:work-runtime:2.7.0] AndroidManifest.xml:118:17-73
219-->[androidx.work:work-runtime:2.7.0] AndroidManifest.xml:118:25-70
220                <action android:name="android.intent.action.TIMEZONE_CHANGED" />
220-->[androidx.work:work-runtime:2.7.0] AndroidManifest.xml:119:17-81
220-->[androidx.work:work-runtime:2.7.0] AndroidManifest.xml:119:25-78
221            </intent-filter>
222        </receiver>
223        <receiver
223-->[androidx.work:work-runtime:2.7.0] AndroidManifest.xml:122:9-131:20
224            android:name="androidx.work.impl.background.systemalarm.ConstraintProxyUpdateReceiver"
224-->[androidx.work:work-runtime:2.7.0] AndroidManifest.xml:123:13-99
225            android:directBootAware="false"
225-->[androidx.work:work-runtime:2.7.0] AndroidManifest.xml:124:13-44
226            android:enabled="@bool/enable_system_alarm_service_default"
226-->[androidx.work:work-runtime:2.7.0] AndroidManifest.xml:125:13-72
227            android:exported="false" >
227-->[androidx.work:work-runtime:2.7.0] AndroidManifest.xml:126:13-37
228            <intent-filter>
228-->[androidx.work:work-runtime:2.7.0] AndroidManifest.xml:128:13-130:29
229                <action android:name="androidx.work.impl.background.systemalarm.UpdateProxies" />
229-->[androidx.work:work-runtime:2.7.0] AndroidManifest.xml:129:17-98
229-->[androidx.work:work-runtime:2.7.0] AndroidManifest.xml:129:25-95
230            </intent-filter>
231        </receiver>
232        <receiver
232-->[androidx.work:work-runtime:2.7.0] AndroidManifest.xml:132:9-142:20
233            android:name="androidx.work.impl.diagnostics.DiagnosticsReceiver"
233-->[androidx.work:work-runtime:2.7.0] AndroidManifest.xml:133:13-78
234            android:directBootAware="false"
234-->[androidx.work:work-runtime:2.7.0] AndroidManifest.xml:134:13-44
235            android:enabled="true"
235-->[androidx.work:work-runtime:2.7.0] AndroidManifest.xml:135:13-35
236            android:exported="true"
236-->[androidx.work:work-runtime:2.7.0] AndroidManifest.xml:136:13-36
237            android:permission="android.permission.DUMP" >
237-->[androidx.work:work-runtime:2.7.0] AndroidManifest.xml:137:13-57
238            <intent-filter>
238-->[androidx.work:work-runtime:2.7.0] AndroidManifest.xml:139:13-141:29
239                <action android:name="androidx.work.diagnostics.REQUEST_DIAGNOSTICS" />
239-->[androidx.work:work-runtime:2.7.0] AndroidManifest.xml:140:17-88
239-->[androidx.work:work-runtime:2.7.0] AndroidManifest.xml:140:25-85
240            </intent-filter>
241        </receiver>
242
243        <service
243-->[androidx.room:room-runtime:2.2.5] AndroidManifest.xml:25:9-28:40
244            android:name="androidx.room.MultiInstanceInvalidationService"
244-->[androidx.room:room-runtime:2.2.5] AndroidManifest.xml:26:13-74
245            android:directBootAware="true"
245-->[androidx.room:room-runtime:2.2.5] AndroidManifest.xml:27:13-43
246            android:exported="false" />
246-->[androidx.room:room-runtime:2.2.5] AndroidManifest.xml:28:13-37
247    </application>
248
249</manifest>